****                   ADMIXTURE Version 1.3.0                  ****
****                    Copyright 2008-2015                     ****
****           David Alexander, Suyash Shringarpure,            ****
****                John  Novembre, Ken Lange                   ****
****                                                            ****
****                 Please cite our paper!                     ****
****   Information at www.genetics.ucla.edu/software/admixture  ****

Cross-validation will be performed.  Folds=5.
Parallel execution requested.  Will use 2 threads.
Random seed: 43
Point estimation method: Block relaxation algorithm
Convergence acceleration algorithm: QuasiNewton, 3 secant conditions
Point estimation will terminate when objective function delta < 0.0001
Estimation of standard errors disabled; will compute point estimates only.
Size of G: 892x118466
Performing five EM steps to prime main algorithm
1 (EM) 	Elapsed: 17.323	Loglikelihood: -6.55068e+07	(delta): 8.99277e+07
2 (EM) 	Elapsed: 17.351	Loglikelihood: -6.32996e+07	(delta): 2.20716e+06
3 (EM) 	Elapsed: 17.29	Loglikelihood: -6.28732e+07	(delta): 426429
4 (EM) 	Elapsed: 17.44	Loglikelihood: -6.26145e+07	(delta): 258659
5 (EM) 	Elapsed: 17.306	Loglikelihood: -6.24192e+07	(delta): 195279
Initial loglikelihood: -6.24192e+07
Starting main algorithm
1 (QN/Block) 	Elapsed: 45.252	Loglikelihood: -5.80712e+07	(delta): 4.34808e+06
2 (QN/Block) 	Elapsed: 29.388	Loglikelihood: -5.6898e+07	(delta): 1.17315e+06
3 (QN/Block) 	Elapsed: 49.442	Loglikelihood: -5.66287e+07	(delta): 269305
4 (QN/Block) 	Elapsed: 35.692	Loglikelihood: -5.65055e+07	(delta): 123204
5 (QN/Block) 	Elapsed: 31.548	Loglikelihood: -5.64604e+07	(delta): 45144.2
6 (QN/Block) 	Elapsed: 29.32	Loglikelihood: -5.64376e+07	(delta): 22708.6
7 (QN/Block) 	Elapsed: 35.072	Loglikelihood: -5.64217e+07	(delta): 15909.5
8 (QN/Block) 	Elapsed: 54.631	Loglikelihood: -5.64114e+07	(delta): 10324.6
9 (QN/Block) 	Elapsed: 40.236	Loglikelihood: -5.64004e+07	(delta): 10964.4
10 (QN/Block) 	Elapsed: 38.545	Loglikelihood: -5.63879e+07	(delta): 12525.8
11 (QN/Block) 	Elapsed: 32.592	Loglikelihood: -5.63724e+07	(delta): 15528.8
12 (QN/Block) 	Elapsed: 31.291	Loglikelihood: -5.63503e+07	(delta): 22059.3
13 (QN/Block) 	Elapsed: 31.072	Loglikelihood: -5.63193e+07	(delta): 30990
14 (QN/Block) 	Elapsed: 31.401	Loglikelihood: -5.62982e+07	(delta): 21109.5
15 (QN/Block) 	Elapsed: 31.07	Loglikelihood: -5.62747e+07	(delta): 23562.1
16 (QN/Block) 	Elapsed: 29.905	Loglikelihood: -5.62623e+07	(delta): 12382.8
17 (QN/Block) 	Elapsed: 30.283	Loglikelihood: -5.62575e+07	(delta): 4766.3
18 (QN/Block) 	Elapsed: 54.795	Loglikelihood: -5.62547e+07	(delta): 2821.22
19 (QN/Block) 	Elapsed: 30.325	Loglikelihood: -5.6254e+07	(delta): 698.194
20 (QN/Block) 	Elapsed: 31.04	Loglikelihood: -5.6254e+07	(delta): 41.8689
21 (QN/Block) 	Elapsed: 29.251	Loglikelihood: -5.6254e+07	(delta): 5.64946
22 (QN/Block) 	Elapsed: 30.34	Loglikelihood: -5.6254e+07	(delta): 0.171531
23 (QN/Block) 	Elapsed: 29.465	Loglikelihood: -5.6254e+07	(delta): 0.0141523
24 (QN/Block) 	Elapsed: 30.508	Loglikelihood: -5.6254e+07	(delta): 0.000271499
25 (QN/Block) 	Elapsed: 29.46	Loglikelihood: -5.6254e+07	(delta): 9.40263e-06
Summary: 
Converged in 25 iterations (978.69 sec)
Loglikelihood: -56253956.436548
Fst divergences between estimated populations: 
	Pop0	Pop1	Pop2	Pop3	Pop4	
Pop0	
Pop1	0.145	
Pop2	0.192	0.108	
Pop3	0.195	0.151	0.213	
Pop4	0.069	0.185	0.228	0.228	
Pop5	0.121	0.086	0.133	0.157	0.164	
CV error (K=6): 0.31246
Writing output files.
