****                   ADMIXTURE Version 1.3.0                  ****
****                    Copyright 2008-2015                     ****
****           David Alexander, Suyash Shringarpure,            ****
****                John  Novembre, Ken Lange                   ****
****                                                            ****
****                 Please cite our paper!                     ****
****   Information at www.genetics.ucla.edu/software/admixture  ****

Cross-validation will be performed.  Folds=5.
Parallel execution requested.  Will use 2 threads.
Random seed: 43
Point estimation method: Block relaxation algorithm
Convergence acceleration algorithm: QuasiNewton, 3 secant conditions
Point estimation will terminate when objective function delta < 0.0001
Estimation of standard errors disabled; will compute point estimates only.
Size of G: 892x118466
Performing five EM steps to prime main algorithm
1 (EM) 	Elapsed: 18.178	Loglikelihood: -6.55641e+07	(delta): 9.22554e+07
2 (EM) 	Elapsed: 17.166	Loglikelihood: -6.33607e+07	(delta): 2.20339e+06
3 (EM) 	Elapsed: 16.972	Loglikelihood: -6.28995e+07	(delta): 461208
4 (EM) 	Elapsed: 18.247	Loglikelihood: -6.26178e+07	(delta): 281652
5 (EM) 	Elapsed: 18.218	Loglikelihood: -6.24109e+07	(delta): 206962
Initial loglikelihood: -6.24109e+07
Starting main algorithm
1 (QN/Block) 	Elapsed: 32.084	Loglikelihood: -5.85779e+07	(delta): 3.83296e+06
2 (QN/Block) 	Elapsed: 36.701	Loglikelihood: -5.72539e+07	(delta): 1.32402e+06
3 (QN/Block) 	Elapsed: 43.91	Loglikelihood: -5.69978e+07	(delta): 256099
4 (QN/Block) 	Elapsed: 44.39	Loglikelihood: -5.68237e+07	(delta): 174054
5 (QN/Block) 	Elapsed: 26.844	Loglikelihood: -5.67076e+07	(delta): 116136
6 (QN/Block) 	Elapsed: 22.93	Loglikelihood: -5.66641e+07	(delta): 43491.9
7 (QN/Block) 	Elapsed: 22.53	Loglikelihood: -5.66397e+07	(delta): 24389.1
8 (QN/Block) 	Elapsed: 22.959	Loglikelihood: -5.66155e+07	(delta): 24238.7
9 (QN/Block) 	Elapsed: 35.526	Loglikelihood: -5.6601e+07	(delta): 14455.8
10 (QN/Block) 	Elapsed: 39.291	Loglikelihood: -5.65897e+07	(delta): 11305.3
11 (QN/Block) 	Elapsed: 44.262	Loglikelihood: -5.65811e+07	(delta): 8577.53
12 (QN/Block) 	Elapsed: 44.872	Loglikelihood: -5.65619e+07	(delta): 19264
13 (QN/Block) 	Elapsed: 44.765	Loglikelihood: -5.65453e+07	(delta): 16511.2
14 (QN/Block) 	Elapsed: 45.257	Loglikelihood: -5.65321e+07	(delta): 13265
15 (QN/Block) 	Elapsed: 44.265	Loglikelihood: -5.65208e+07	(delta): 11273.7
16 (QN/Block) 	Elapsed: 45.781	Loglikelihood: -5.65146e+07	(delta): 6249.49
17 (QN/Block) 	Elapsed: 45.955	Loglikelihood: -5.65108e+07	(delta): 3777.51
18 (QN/Block) 	Elapsed: 46.074	Loglikelihood: -5.65097e+07	(delta): 1057.95
19 (QN/Block) 	Elapsed: 44.179	Loglikelihood: -5.65095e+07	(delta): 189.101
20 (QN/Block) 	Elapsed: 45.78	Loglikelihood: -5.65095e+07	(delta): 5.09492
21 (QN/Block) 	Elapsed: 44.194	Loglikelihood: -5.65095e+07	(delta): 11.2599
22 (QN/Block) 	Elapsed: 44.288	Loglikelihood: -5.65095e+07	(delta): 5.59832
23 (QN/Block) 	Elapsed: 45.764	Loglikelihood: -5.65095e+07	(delta): 1.05428
24 (QN/Block) 	Elapsed: 45.705	Loglikelihood: -5.65095e+07	(delta): 0.014183
25 (QN/Block) 	Elapsed: 29.821	Loglikelihood: -5.65095e+07	(delta): 0.000645839
26 (QN/Block) 	Elapsed: 42.237	Loglikelihood: -5.65095e+07	(delta): 8.54582e-06
Summary: 
Converged in 26 iterations (1137.4 sec)
Loglikelihood: -56509513.834730
Fst divergences between estimated populations: 
	Pop0	Pop1	Pop2	Pop3	
Pop0	
Pop1	0.212	
Pop2	0.151	0.108	
Pop3	0.194	0.192	0.146	
Pop4	0.157	0.132	0.086	0.122	
CV error (K=5): 0.31291
Writing output files.
