****                   ADMIXTURE Version 1.3.0                  ****
****                    Copyright 2008-2015                     ****
****           David Alexander, Suyash Shringarpure,            ****
****                John  Novembre, Ken Lange                   ****
****                                                            ****
****                 Please cite our paper!                     ****
****   Information at www.genetics.ucla.edu/software/admixture  ****

Cross-validation will be performed.  Folds=5.
Parallel execution requested.  Will use 2 threads.
Random seed: 43
Point estimation method: Block relaxation algorithm
Convergence acceleration algorithm: QuasiNewton, 3 secant conditions
Point estimation will terminate when objective function delta < 0.0001
Estimation of standard errors disabled; will compute point estimates only.
Size of G: 892x118466
Performing five EM steps to prime main algorithm
1 (EM) 	Elapsed: 18.477	Loglikelihood: -6.52278e+07	(delta): 8.52875e+07
2 (EM) 	Elapsed: 18.568	Loglikelihood: -6.30022e+07	(delta): 2.2256e+06
3 (EM) 	Elapsed: 18.743	Loglikelihood: -6.26756e+07	(delta): 326508
4 (EM) 	Elapsed: 19.124	Loglikelihood: -6.2491e+07	(delta): 184657
5 (EM) 	Elapsed: 19.266	Loglikelihood: -6.23455e+07	(delta): 145452
Initial loglikelihood: -6.23455e+07
Starting main algorithm
1 (QN/Block) 	Elapsed: 48.704	Loglikelihood: -5.74284e+07	(delta): 4.91712e+06
2 (QN/Block) 	Elapsed: 48.103	Loglikelihood: -5.62297e+07	(delta): 1.19877e+06
3 (QN/Block) 	Elapsed: 47.564	Loglikelihood: -5.59816e+07	(delta): 248046
4 (QN/Block) 	Elapsed: 47.271	Loglikelihood: -5.58784e+07	(delta): 103234
5 (QN/Block) 	Elapsed: 48.405	Loglikelihood: -5.58309e+07	(delta): 47437.3
6 (QN/Block) 	Elapsed: 47.166	Loglikelihood: -5.58017e+07	(delta): 29275.7
7 (QN/Block) 	Elapsed: 47.081	Loglikelihood: -5.57809e+07	(delta): 20767.2
8 (QN/Block) 	Elapsed: 47.402	Loglikelihood: -5.57625e+07	(delta): 18398.8
9 (QN/Block) 	Elapsed: 47.316	Loglikelihood: -5.57506e+07	(delta): 11848
10 (QN/Block) 	Elapsed: 47.487	Loglikelihood: -5.57447e+07	(delta): 5918.68
11 (QN/Block) 	Elapsed: 47.158	Loglikelihood: -5.57413e+07	(delta): 3433.91
12 (QN/Block) 	Elapsed: 47.078	Loglikelihood: -5.57388e+07	(delta): 2540.91
13 (QN/Block) 	Elapsed: 47.433	Loglikelihood: -5.57354e+07	(delta): 3385.17
14 (QN/Block) 	Elapsed: 47.4	Loglikelihood: -5.57329e+07	(delta): 2450.52
15 (QN/Block) 	Elapsed: 47.218	Loglikelihood: -5.5731e+07	(delta): 1939.84
16 (QN/Block) 	Elapsed: 48.186	Loglikelihood: -5.57291e+07	(delta): 1868.83
17 (QN/Block) 	Elapsed: 47.293	Loglikelihood: -5.57248e+07	(delta): 4281.57
18 (QN/Block) 	Elapsed: 49.606	Loglikelihood: -5.5714e+07	(delta): 10791.2
19 (QN/Block) 	Elapsed: 49.287	Loglikelihood: -5.57045e+07	(delta): 9569.46
20 (QN/Block) 	Elapsed: 46.766	Loglikelihood: -5.56987e+07	(delta): 5791.72
21 (QN/Block) 	Elapsed: 47.654	Loglikelihood: -5.56971e+07	(delta): 1542.47
22 (QN/Block) 	Elapsed: 47.308	Loglikelihood: -5.56969e+07	(delta): 195.865
23 (QN/Block) 	Elapsed: 47.591	Loglikelihood: -5.56969e+07	(delta): 37.8145
24 (QN/Block) 	Elapsed: 47.448	Loglikelihood: -5.56969e+07	(delta): 6.06581
25 (QN/Block) 	Elapsed: 47.804	Loglikelihood: -5.56969e+07	(delta): 1.39005
26 (QN/Block) 	Elapsed: 47.258	Loglikelihood: -5.56969e+07	(delta): 0.351697
27 (QN/Block) 	Elapsed: 47.195	Loglikelihood: -5.56969e+07	(delta): 0.0275198
28 (QN/Block) 	Elapsed: 47.48	Loglikelihood: -5.56969e+07	(delta): 0.00649852
29 (QN/Block) 	Elapsed: 47.149	Loglikelihood: -5.56969e+07	(delta): 0.000632636
30 (QN/Block) 	Elapsed: 46.972	Loglikelihood: -5.56969e+07	(delta): 0.000119165
31 (QN/Block) 	Elapsed: 47.679	Loglikelihood: -5.56969e+07	(delta): 9.67085e-06
Summary: 
Converged in 31 iterations (1601.36 sec)
Loglikelihood: -55696888.591152
Fst divergences between estimated populations: 
	Pop0	Pop1	Pop2	Pop3	Pop4	Pop5	Pop6	Pop7	Pop8	
Pop0	
Pop1	0.075	
Pop2	0.100	0.040	
Pop3	0.185	0.162	0.161	
Pop4	0.145	0.120	0.118	0.069	
Pop5	0.166	0.163	0.183	0.240	0.208	
Pop6	0.119	0.132	0.158	0.235	0.199	0.237	
Pop7	0.096	0.033	0.035	0.175	0.134	0.183	0.150	
Pop8	0.138	0.145	0.164	0.228	0.194	0.125	0.215	0.164	
Pop9	0.138	0.151	0.176	0.251	0.216	0.254	0.119	0.168	0.232	
CV error (K=10): 0.31179
Writing output files.
