****                   ADMIXTURE Version 1.3.0                  ****
****                    Copyright 2008-2015                     ****
****           David Alexander, Suyash Shringarpure,            ****
****                John  Novembre, Ken Lange                   ****
****                                                            ****
****                 Please cite our paper!                     ****
****   Information at www.genetics.ucla.edu/software/admixture  ****

Cross-validation will be performed.  Folds=5.
Parallel execution requested.  Will use 2 threads.
Random seed: 43
Point estimation method: Block relaxation algorithm
Convergence acceleration algorithm: QuasiNewton, 3 secant conditions
Point estimation will terminate when objective function delta < 0.0001
Estimation of standard errors disabled; will compute point estimates only.
Size of G: 892x118466
Performing five EM steps to prime main algorithm
1 (EM) 	Elapsed: 6.859	Loglikelihood: -6.5555e+07	(delta): 9.55954e+07
2 (EM) 	Elapsed: 6.862	Loglikelihood: -6.33755e+07	(delta): 2.17943e+06
3 (EM) 	Elapsed: 6.855	Loglikelihood: -6.28644e+07	(delta): 511141
4 (EM) 	Elapsed: 7.214	Loglikelihood: -6.25495e+07	(delta): 314861
5 (EM) 	Elapsed: 7.354	Loglikelihood: -6.23239e+07	(delta): 225590
Initial loglikelihood: -6.23239e+07
Starting main algorithm
1 (QN/Block) 	Elapsed: 18.002	Loglikelihood: -5.8274e+07	(delta): 4.04996e+06
2 (QN/Block) 	Elapsed: 17.504	Loglikelihood: -5.74753e+07	(delta): 798645
3 (QN/Block) 	Elapsed: 19.392	Loglikelihood: -5.72453e+07	(delta): 230090
4 (QN/Block) 	Elapsed: 18.273	Loglikelihood: -5.71514e+07	(delta): 93834.4
5 (QN/Block) 	Elapsed: 18.618	Loglikelihood: -5.71202e+07	(delta): 31252.1
6 (QN/Block) 	Elapsed: 18.289	Loglikelihood: -5.71098e+07	(delta): 10389.1
7 (QN/Block) 	Elapsed: 18.477	Loglikelihood: -5.71057e+07	(delta): 4043.11
8 (QN/Block) 	Elapsed: 19.663	Loglikelihood: -5.71039e+07	(delta): 1833.59
9 (QN/Block) 	Elapsed: 19.909	Loglikelihood: -5.71033e+07	(delta): 637.972
10 (QN/Block) 	Elapsed: 20.311	Loglikelihood: -5.71028e+07	(delta): 460.908
11 (QN/Block) 	Elapsed: 20.305	Loglikelihood: -5.71024e+07	(delta): 429.019
12 (QN/Block) 	Elapsed: 19.895	Loglikelihood: -5.7102e+07	(delta): 407.324
13 (QN/Block) 	Elapsed: 20.34	Loglikelihood: -5.71016e+07	(delta): 415.236
14 (QN/Block) 	Elapsed: 19.475	Loglikelihood: -5.71012e+07	(delta): 400.47
15 (QN/Block) 	Elapsed: 39.99	Loglikelihood: -5.71007e+07	(delta): 405.824
16 (QN/Block) 	Elapsed: 40.442	Loglikelihood: -5.71007e+07	(delta): 59.9979
17 (QN/Block) 	Elapsed: 22.449	Loglikelihood: -5.71007e+07	(delta): 5.16996
18 (QN/Block) 	Elapsed: 18.832	Loglikelihood: -5.71007e+07	(delta): 0.275393
19 (QN/Block) 	Elapsed: 35.142	Loglikelihood: -5.71007e+07	(delta): 0.09736
20 (QN/Block) 	Elapsed: 42.47	Loglikelihood: -5.71007e+07	(delta): 0.230687
21 (QN/Block) 	Elapsed: 36.088	Loglikelihood: -5.71007e+07	(delta): 0.00825883
22 (QN/Block) 	Elapsed: 20.185	Loglikelihood: -5.71007e+07	(delta): 0.000112928
23 (QN/Block) 	Elapsed: 19.306	Loglikelihood: -5.71007e+07	(delta): 8.62628e-05
Summary: 
Converged in 23 iterations (593.433 sec)
Loglikelihood: -57100679.055925
Fst divergences between estimated populations: 
	Pop0	Pop1	Pop2	
Pop0	
Pop1	0.122	
Pop2	0.143	0.080	
Pop3	0.193	0.157	0.150	
CV error (K=4): 0.31773
Writing output files.
